# JRE version: Java(TM) SE Runtime Environment (8.0_66-b17) (build 1.8.0_66-b17)
# Java VM: Java HotSpot(TM) 64-Bit Server VM (25.66-b17 mixed mode linux-amd64 compressed oops)
Heap:
 PSYoungGen      total 462336K, used 433664K [0x00000000d6a00000, 0x00000000f4980000, 0x0000000100000000)
  eden space 433664K, 100% used [0x00000000d6a00000,0x00000000f1180000,0x00000000f1180000)
  from space 28672K, 0% used [0x00000000f2d80000,0x00000000f2d80000,0x00000000f4980000)
  to   space 28672K, 0% used [0x00000000f1180000,0x00000000f1180000,0x00000000f2d80000)
 ParOldGen       total 1355776K, used 1355775K [0x0000000083e00000, 0x00000000d6a00000, 0x00000000d6a00000)
  object space 1355776K, 99% used [0x0000000083e00000,0x00000000d69fffe8,0x00000000d6a00000)
 Metaspace       used 18586K, capacity 18896K, committed 19328K, reserved 1067008K
  class space    used 2006K, capacity 2100K, committed 2176K, reserved 1048576K
GC Heap History (10 events):
Event: 26456.286 GC heap before
{Heap before GC invocations=72768 (full 64557):
 PSYoungGen      total 462336K, used 433663K [0x00000000d6a00000, 0x00000000f4980000, 0x0000000100000000)
  eden space 433664K, 99% used [0x00000000d6a00000,0x00000000f117ffd8,0x00000000f1180000)
  from space 28672K, 0% used [0x00000000f2d80000,0x00000000f2d80000,0x00000000f4980000)
  to   space 28672K, 0% used [0x00000000f1180000,0x00000000f1180000,0x00000000f2d80000)
 ParOldGen       total 1355776K, used 1355774K [0x0000000083e00000, 0x00000000d6a00000, 0x00000000d6a00000)
  object space 1355776K, 99% used [0x0000000083e00000,0x00000000d69ff8c8,0x00000000d6a00000)
 Metaspace       used 18586K, capacity 18896K, committed 19328K, reserved 1067008K
  class space    used 2006K, capacity 2100K, committed 2176K, reserved 1048576K
Event: 26456.437 GC heap after
Heap after GC invocations=72768 (full 64557):
 PSYoungGen      total 462336K, used 433663K [0x00000000d6a00000, 0x00000000f4980000, 0x0000000100000000)
  eden space 433664K, 99% used [0x00000000d6a00000,0x00000000f117ffd8,0x00000000f1180000)
  from space 28672K, 0% used [0x00000000f2d80000,0x00000000f2d80000,0x00000000f4980000)
  to   space 28672K, 0% used [0x00000000f1180000,0x00000000f1180000,0x00000000f2d80000)
 ParOldGen       total 1355776K, used 1355774K [0x0000000083e00000, 0x00000000d6a00000, 0x00000000d6a00000)
  object space 1355776K, 99% used [0x0000000083e00000,0x00000000d69ff8c8,0x00000000d6a00000)
 Metaspace       used 18586K, capacity 18896K, committed 19328K, reserved 1067008K
  class space    used 2006K, capacity 2100K, committed 2176K, reserved 1048576K
}
Event: 26456.437 GC heap before
{Heap before GC invocations=72769 (full 64558):
 PSYoungGen      total 462336K, used 433664K [0x00000000d6a00000, 0x00000000f4980000, 0x0000000100000000)
  eden space 433664K, 100% used [0x00000000d6a00000,0x00000000f1180000,0x00000000f1180000)
  from space 28672K, 0% used [0x00000000f2d80000,0x00000000f2d80000,0x00000000f4980000)
  to   space 28672K, 0% used [0x00000000f1180000,0x00000000f1180000,0x00000000f2d80000)
 ParOldGen       total 1355776K, used 1355775K [0x0000000083e00000, 0x00000000d6a00000, 0x00000000d6a00000)
  object space 1355776K, 99% used [0x0000000083e00000,0x00000000d69fffc8,0x00000000d6a00000)
 Metaspace       used 18586K, capacity 18896K, committed 19328K, reserved 1067008K
  class space    used 2006K, capacity 2100K, committed 2176K, reserved 1048576K
Event: 26456.586 GC heap after
Heap after GC invocations=72769 (full 64558):
 PSYoungGen      total 462336K, used 433663K [0x00000000d6a00000, 0x00000000f4980000, 0x0000000100000000)
  eden space 433664K, 99% used [0x00000000d6a00000,0x00000000f117fff0,0x00000000f1180000)
  from space 28672K, 0% used [0x00000000f2d80000,0x00000000f2d80000,0x00000000f4980000)
  to   space 28672K, 0% used [0x00000000f1180000,0x00000000f1180000,0x00000000f2d80000)
 ParOldGen       total 1355776K, used 1355775K [0x0000000083e00000, 0x00000000d6a00000, 0x00000000d6a00000)
  object space 1355776K, 99% used [0x0000000083e00000,0x00000000d69ffd68,0x00000000d6a00000)
 Metaspace       used 18586K, capacity 18896K, committed 19328K, reserved 1067008K
  class space    used 2006K, capacity 2100K, committed 2176K, reserved 1048576K
}
Event: 26456.587 GC heap before
{Heap before GC invocations=72770 (full 64559):
 PSYoungGen      total 462336K, used 433663K [0x00000000d6a00000, 0x00000000f4980000, 0x0000000100000000)
  eden space 433664K, 99% used [0x00000000d6a00000,0x00000000f117fff0,0x00000000f1180000)
  from space 28672K, 0% used [0x00000000f2d80000,0x00000000f2d80000,0x00000000f4980000)
  to   space 28672K, 0% used [0x00000000f1180000,0x00000000f1180000,0x00000000f2d80000)
 ParOldGen       total 1355776K, used 1355775K [0x0000000083e00000, 0x00000000d6a00000, 0x00000000d6a00000)
  object space 1355776K, 99% used [0x0000000083e00000,0x00000000d69fffe8,0x00000000d6a00000)
 Metaspace       used 18586K, capacity 18896K, committed 19328K, reserved 1067008K
  class space    used 2006K, capacity 2100K, committed 2176K, reserved 1048576K
Event: 26456.759 GC heap after
Heap after GC invocations=72770 (full 64559):
 PSYoungGen      total 462336K, used 433663K [0x00000000d6a00000, 0x00000000f4980000, 0x0000000100000000)
  eden space 433664K, 99% used [0x00000000d6a00000,0x00000000f117fff0,0x00000000f1180000)
  from space 28672K, 0% used [0x00000000f2d80000,0x00000000f2d80000,0x00000000f4980000)
  to   space 28672K, 0% used [0x00000000f1180000,0x00000000f1180000,0x00000000f2d80000)
 ParOldGen       total 1355776K, used 1355775K [0x0000000083e00000, 0x00000000d6a00000, 0x00000000d6a00000)
  object space 1355776K, 99% used [0x0000000083e00000,0x00000000d69ffef8,0x00000000d6a00000)
 Metaspace       used 18586K, capacity 18896K, committed 19328K, reserved 1067008K
  class space    used 2006K, capacity 2100K, committed 2176K, reserved 1048576K
}
Event: 26456.759 GC heap before
{Heap before GC invocations=72771 (full 64560):
 PSYoungGen      total 462336K, used 433663K [0x00000000d6a00000, 0x00000000f4980000, 0x0000000100000000)
  eden space 433664K, 99% used [0x00000000d6a00000,0x00000000f117fff0,0x00000000f1180000)
  from space 28672K, 0% used [0x00000000f2d80000,0x00000000f2d80000,0x00000000f4980000)
  to   space 28672K, 0% used [0x00000000f1180000,0x00000000f1180000,0x00000000f2d80000)
 ParOldGen       total 1355776K, used 1355775K [0x0000000083e00000, 0x00000000d6a00000, 0x00000000d6a00000)
  object space 1355776K, 99% used [0x0000000083e00000,0x00000000d69fffa0,0x00000000d6a00000)
 Metaspace       used 18586K, capacity 18896K, committed 19328K, reserved 1067008K
  class space    used 2006K, capacity 2100K, committed 2176K, reserved 1048576K
Event: 26456.928 GC heap after
Heap after GC invocations=72771 (full 64560):
 PSYoungGen      total 462336K, used 433663K [0x00000000d6a00000, 0x00000000f4980000, 0x0000000100000000)
  eden space 433664K, 99% used [0x00000000d6a00000,0x00000000f117fff0,0x00000000f1180000)
  from space 28672K, 0% used [0x00000000f2d80000,0x00000000f2d80000,0x00000000f4980000)
  to   space 28672K, 0% used [0x00000000f1180000,0x00000000f1180000,0x00000000f2d80000)
 ParOldGen       total 1355776K, used 1355775K [0x0000000083e00000, 0x00000000d6a00000, 0x00000000d6a00000)
  object space 1355776K, 99% used [0x0000000083e00000,0x00000000d69fff68,0x00000000d6a00000)
 Metaspace       used 18586K, capacity 18896K, committed 19328K, reserved 1067008K
  class space    used 2006K, capacity 2100K, committed 2176K, reserved 1048576K
}
Event: 26456.928 GC heap before
{Heap before GC invocations=72772 (full 64561):
 PSYoungGen      total 462336K, used 433663K [0x00000000d6a00000, 0x00000000f4980000, 0x0000000100000000)
  eden space 433664K, 99% used [0x00000000d6a00000,0x00000000f117fff0,0x00000000f1180000)
  from space 28672K, 0% used [0x00000000f2d80000,0x00000000f2d80000,0x00000000f4980000)
  to   space 28672K, 0% used [0x00000000f1180000,0x00000000f1180000,0x00000000f2d80000)
 ParOldGen       total 1355776K, used 1355775K [0x0000000083e00000, 0x00000000d6a00000, 0x00000000d6a00000)
  object space 1355776K, 99% used [0x0000000083e00000,0x00000000d69fff68,0x00000000d6a00000)
 Metaspace       used 18586K, capacity 18896K, committed 19328K, reserved 1067008K
  class space    used 2006K, capacity 2100K, committed 2176K, reserved 1048576K
Event: 26457.075 GC heap after
Heap after GC invocations=72772 (full 64561):
 PSYoungGen      total 462336K, used 433663K [0x00000000d6a00000, 0x00000000f4980000, 0x0000000100000000)
  eden space 433664K, 99% used [0x00000000d6a00000,0x00000000f117ff38,0x00000000f1180000)
  from space 28672K, 0% used [0x00000000f2d80000,0x00000000f2d80000,0x00000000f4980000)
  to   space 28672K, 0% used [0x00000000f1180000,0x00000000f1180000,0x00000000f2d80000)
 ParOldGen       total 1355776K, used 1355775K [0x0000000083e00000, 0x00000000d6a00000, 0x00000000d6a00000)
  object space 1355776K, 99% used [0x0000000083e00000,0x00000000d69fff68,0x00000000d6a00000)
 Metaspace       used 18586K, capacity 18896K, committed 19328K, reserved 1067008K
  class space    used 2006K, capacity 2100K, committed 2176K, reserved 1048576K
}

